<?xml version="1.0" encoding="UTF-8"?>
<testsuites name="CinemaAbyss API Tests" tests="22" time="0.050">
  <testsuite name="Monolith Service / Health Check" id="93059b82-b7d8-463b-b21a-a869251c87f7" timestamp="2026-07-24T09:50:03.335Z" tests="1" failures="1" errors="1" time="0.000">
    <system-err><![CDATA[Iteration: 0
RequestError: Error: connect ECONNREFUSED 127.0.0.1:8080
    at TCPConnectWrap.afterConnect [as oncomplete] (node:net:1611:16)

---
]]></system-err>
    <testcase name="Status code is 200" time="0.000" classname="CinemaAbyssApiTests">
      <failure type="AssertionFailure" message="expected { Object (id, _details, ...) } to have property 'code'">
        <![CDATA[Failed 1 times.]]>
        <![CDATA[Collection JSON ID: 37ffd795-ebd2-4eab-bab4-91808fa674cb.]]>
        <![CDATA[Collection name: CinemaAbyss API Tests.]]>
        <![CDATA[Request name: Monolith Service / Health Check.]]>
        <![CDATA[Test description: Status code is 200.]]>
        <![CDATA[Error message: expected { Object (id, _details, ...) } to have property 'code'.]]>
        <![CDATA[Stacktrace: AssertionError: expected { Object (id, _details, ...) } to have property 'code'
   at Object.eval sandbox-script.js:1:1).]]>
      </failure>
    </testcase>
  </testsuite>
  <testsuite name="Monolith Service / Get All Users" id="1ac6d9c2-c083-468d-b2c3-d0190d460f57" timestamp="2026-07-24T09:50:03.335Z" tests="2" failures="2" errors="1" time="0.000">
    <system-err><![CDATA[Iteration: 0
RequestError: Error: connect ECONNREFUSED 127.0.0.1:8080
    at TCPConnectWrap.afterConnect [as oncomplete] (node:net:1611:16)

---
]]></system-err>
    <testcase name="Status code is 200" time="0.000" classname="CinemaAbyssApiTests">
      <failure type="AssertionFailure" message="expected { Object (id, _details, ...) } to have property 'code'">
        <![CDATA[Failed 1 times.]]>
        <![CDATA[Collection JSON ID: 37ffd795-ebd2-4eab-bab4-91808fa674cb.]]>
        <![CDATA[Collection name: CinemaAbyss API Tests.]]>
        <![CDATA[Request name: Monolith Service / Get All Users.]]>
        <![CDATA[Test description: Status code is 200.]]>
        <![CDATA[Error message: expected { Object (id, _details, ...) } to have property 'code'.]]>
        <![CDATA[Stacktrace: AssertionError: expected { Object (id, _details, ...) } to have property 'code'
   at Object.eval sandbox-script.js:1:2).]]>
      </failure>
    </testcase>
    <testcase name="Response is an array" time="0.000" classname="CinemaAbyssApiTests">
      <failure type="AssertionFailure" message="&quot;undefined&quot; is not valid JSON">
        <![CDATA[Failed 1 times.]]>
        <![CDATA[Collection JSON ID: 37ffd795-ebd2-4eab-bab4-91808fa674cb.]]>
        <![CDATA[Collection name: CinemaAbyss API Tests.]]>
        <![CDATA[Request name: Monolith Service / Get All Users.]]>
        <![CDATA[Test description: Response is an array.]]>
        <![CDATA[Error message: "undefined" is not valid JSON.]]>
        <![CDATA[Stacktrace: JSONError: "undefined" is not valid JSON
   at Object.eval sandbox-script.js:2:2).]]>
      </failure>
    </testcase>
  </testsuite>
  <testsuite name="Monolith Service / Create User" id="a164ed5a-e0f2-4fd3-a2e3-82e21f096399" timestamp="2026-07-24T09:50:03.335Z" tests="2" failures="2" errors="1" time="0.000">
    <system-err><![CDATA[Iteration: 0
RequestError: Error: connect ECONNREFUSED 127.0.0.1:8080
    at TCPConnectWrap.afterConnect [as oncomplete] (node:net:1611:16)

---
]]></system-err>
    <testcase name="Status code is 201" time="0.000" classname="CinemaAbyssApiTests">
      <failure type="AssertionFailure" message="expected { Object (id, _details, ...) } to have property 'code'">
        <![CDATA[Failed 1 times.]]>
        <![CDATA[Collection JSON ID: 37ffd795-ebd2-4eab-bab4-91808fa674cb.]]>
        <![CDATA[Collection name: CinemaAbyss API Tests.]]>
        <![CDATA[Request name: Monolith Service / Create User.]]>
        <![CDATA[Test description: Status code is 201.]]>
        <![CDATA[Error message: expected { Object (id, _details, ...) } to have property 'code'.]]>
        <![CDATA[Stacktrace: AssertionError: expected { Object (id, _details, ...) } to have property 'code'
   at Object.eval sandbox-script.js:1:3).]]>
      </failure>
    </testcase>
    <testcase name="Response has id" time="0.000" classname="CinemaAbyssApiTests">
      <failure type="AssertionFailure" message="&quot;undefined&quot; is not valid JSON">
        <![CDATA[Failed 1 times.]]>
        <![CDATA[Collection JSON ID: 37ffd795-ebd2-4eab-bab4-91808fa674cb.]]>
        <![CDATA[Collection name: CinemaAbyss API Tests.]]>
        <![CDATA[Request name: Monolith Service / Create User.]]>
        <![CDATA[Test description: Response has id.]]>
        <![CDATA[Error message: "undefined" is not valid JSON.]]>
        <![CDATA[Stacktrace: JSONError: "undefined" is not valid JSON
   at Object.eval sandbox-script.js:2:3).]]>
      </failure>
    </testcase>
  </testsuite>
  <testsuite name="Monolith Service / Get User by ID" id="fc5cd29d-f74f-48bb-8d65-418c26eef5ab" timestamp="2026-07-24T09:50:03.335Z" tests="2" failures="2" errors="1" time="0.000">
    <system-err><![CDATA[Iteration: 0
RequestError: Error: connect ECONNREFUSED 127.0.0.1:8080
    at TCPConnectWrap.afterConnect [as oncomplete] (node:net:1611:16)

---
]]></system-err>
    <testcase name="Status code is 200" time="0.000" classname="CinemaAbyssApiTests">
      <failure type="AssertionFailure" message="expected { Object (id, _details, ...) } to have property 'code'">
        <![CDATA[Failed 1 times.]]>
        <![CDATA[Collection JSON ID: 37ffd795-ebd2-4eab-bab4-91808fa674cb.]]>
        <![CDATA[Collection name: CinemaAbyss API Tests.]]>
        <![CDATA[Request name: Monolith Service / Get User by ID.]]>
        <![CDATA[Test description: Status code is 200.]]>
        <![CDATA[Error message: expected { Object (id, _details, ...) } to have property 'code'.]]>
        <![CDATA[Stacktrace: AssertionError: expected { Object (id, _details, ...) } to have property 'code'
   at Object.eval sandbox-script.js:1:4).]]>
      </failure>
    </testcase>
    <testcase name="User ID matches" time="0.000" classname="CinemaAbyssApiTests">
      <failure type="AssertionFailure" message="&quot;undefined&quot; is not valid JSON">
        <![CDATA[Failed 1 times.]]>
        <![CDATA[Collection JSON ID: 37ffd795-ebd2-4eab-bab4-91808fa674cb.]]>
        <![CDATA[Collection name: CinemaAbyss API Tests.]]>
        <![CDATA[Request name: Monolith Service / Get User by ID.]]>
        <![CDATA[Test description: User ID matches.]]>
        <![CDATA[Error message: "undefined" is not valid JSON.]]>
        <![CDATA[Stacktrace: JSONError: "undefined" is not valid JSON
   at Object.eval sandbox-script.js:2:4).]]>
      </failure>
    </testcase>
  </testsuite>
  <testsuite name="Monolith Service / Get All Movies" id="67adbf4f-975f-4221-bfa3-8ef84cbf0ec5" timestamp="2026-07-24T09:50:03.335Z" tests="2" failures="2" errors="1" time="0.000">
    <system-err><![CDATA[Iteration: 0
RequestError: Error: connect ECONNREFUSED 127.0.0.1:8080
    at TCPConnectWrap.afterConnect [as oncomplete] (node:net:1611:16)

---
]]></system-err>
    <testcase name="Status code is 200" time="0.000" classname="CinemaAbyssApiTests">
      <failure type="AssertionFailure" message="expected { Object (id, _details, ...) } to have property 'code'">
        <![CDATA[Failed 1 times.]]>
        <![CDATA[Collection JSON ID: 37ffd795-ebd2-4eab-bab4-91808fa674cb.]]>
        <![CDATA[Collection name: CinemaAbyss API Tests.]]>
        <![CDATA[Request name: Monolith Service / Get All Movies.]]>
        <![CDATA[Test description: Status code is 200.]]>
        <![CDATA[Error message: expected { Object (id, _details, ...) } to have property 'code'.]]>
        <![CDATA[Stacktrace: AssertionError: expected { Object (id, _details, ...) } to have property 'code'
   at Object.eval sandbox-script.js:1:5).]]>
      </failure>
    </testcase>
    <testcase name="Response is an array" time="0.000" classname="CinemaAbyssApiTests">
      <failure type="AssertionFailure" message="&quot;undefined&quot; is not valid JSON">
        <![CDATA[Failed 1 times.]]>
        <![CDATA[Collection JSON ID: 37ffd795-ebd2-4eab-bab4-91808fa674cb.]]>
        <![CDATA[Collection name: CinemaAbyss API Tests.]]>
        <![CDATA[Request name: Monolith Service / Get All Movies.]]>
        <![CDATA[Test description: Response is an array.]]>
        <![CDATA[Error message: "undefined" is not valid JSON.]]>
        <![CDATA[Stacktrace: JSONError: "undefined" is not valid JSON
   at Object.eval sandbox-script.js:2:5).]]>
      </failure>
    </testcase>
  </testsuite>
  <testsuite name="Monolith Service / Create Movie" id="c00c8a11-394b-4137-90f8-78dbe1eef86d" timestamp="2026-07-24T09:50:03.335Z" tests="2" failures="2" errors="1" time="0.000">
    <system-err><![CDATA[Iteration: 0
RequestError: Error: connect ECONNREFUSED 127.0.0.1:8080
    at TCPConnectWrap.afterConnect [as oncomplete] (node:net:1611:16)

---
]]></system-err>
    <testcase name="Status code is 201" time="0.000" classname="CinemaAbyssApiTests">
      <failure type="AssertionFailure" message="expected { Object (id, _details, ...) } to have property 'code'">
        <![CDATA[Failed 1 times.]]>
        <![CDATA[Collection JSON ID: 37ffd795-ebd2-4eab-bab4-91808fa674cb.]]>
        <![CDATA[Collection name: CinemaAbyss API Tests.]]>
        <![CDATA[Request name: Monolith Service / Create Movie.]]>
        <![CDATA[Test description: Status code is 201.]]>
        <![CDATA[Error message: expected { Object (id, _details, ...) } to have property 'code'.]]>
        <![CDATA[Stacktrace: AssertionError: expected { Object (id, _details, ...) } to have property 'code'
   at Object.eval sandbox-script.js:1:6).]]>
      </failure>
    </testcase>
    <testcase name="Response has id" time="0.000" classname="CinemaAbyssApiTests">
      <failure type="AssertionFailure" message="&quot;undefined&quot; is not valid JSON">
        <![CDATA[Failed 1 times.]]>
        <![CDATA[Collection JSON ID: 37ffd795-ebd2-4eab-bab4-91808fa674cb.]]>
        <![CDATA[Collection name: CinemaAbyss API Tests.]]>
        <![CDATA[Request name: Monolith Service / Create Movie.]]>
        <![CDATA[Test description: Response has id.]]>
        <![CDATA[Error message: "undefined" is not valid JSON.]]>
        <![CDATA[Stacktrace: JSONError: "undefined" is not valid JSON
   at Object.eval sandbox-script.js:2:6).]]>
      </failure>
    </testcase>
  </testsuite>
  <testsuite name="Monolith Service / Get Movie by ID" id="a5461893-9448-49bc-8fde-aea5b081bc30" timestamp="2026-07-24T09:50:03.335Z" tests="2" failures="2" errors="1" time="0.000">
    <system-err><![CDATA[Iteration: 0
RequestError: Error: connect ECONNREFUSED 127.0.0.1:8080
    at TCPConnectWrap.afterConnect [as oncomplete] (node:net:1611:16)

---
]]></system-err>
    <testcase name="Status code is 200" time="0.000" classname="CinemaAbyssApiTests">
      <failure type="AssertionFailure" message="expected { Object (id, _details, ...) } to have property 'code'">
        <![CDATA[Failed 1 times.]]>
        <![CDATA[Collection JSON ID: 37ffd795-ebd2-4eab-bab4-91808fa674cb.]]>
        <![CDATA[Collection name: CinemaAbyss API Tests.]]>
        <![CDATA[Request name: Monolith Service / Get Movie by ID.]]>
        <![CDATA[Test description: Status code is 200.]]>
        <![CDATA[Error message: expected { Object (id, _details, ...) } to have property 'code'.]]>
        <![CDATA[Stacktrace: AssertionError: expected { Object (id, _details, ...) } to have property 'code'
   at Object.eval sandbox-script.js:1:7).]]>
      </failure>
    </testcase>
    <testcase name="Movie ID matches" time="0.000" classname="CinemaAbyssApiTests">
      <failure type="AssertionFailure" message="&quot;undefined&quot; is not valid JSON">
        <![CDATA[Failed 1 times.]]>
        <![CDATA[Collection JSON ID: 37ffd795-ebd2-4eab-bab4-91808fa674cb.]]>
        <![CDATA[Collection name: CinemaAbyss API Tests.]]>
        <![CDATA[Request name: Monolith Service / Get Movie by ID.]]>
        <![CDATA[Test description: Movie ID matches.]]>
        <![CDATA[Error message: "undefined" is not valid JSON.]]>
        <![CDATA[Stacktrace: JSONError: "undefined" is not valid JSON
   at Object.eval sandbox-script.js:2:7).]]>
      </failure>
    </testcase>
  </testsuite>
  <testsuite name="Monolith Service / Create Payment" id="06d46eb1-9fe0-4310-bd11-624a3334e7bd" timestamp="2026-07-24T09:50:03.335Z" tests="2" failures="2" errors="1" time="0.000">
    <system-err><![CDATA[Iteration: 0
RequestError: Error: connect ECONNREFUSED 127.0.0.1:8080
    at TCPConnectWrap.afterConnect [as oncomplete] (node:net:1611:16)

---
]]></system-err>
    <testcase name="Status code is 201" time="0.000" classname="CinemaAbyssApiTests">
      <failure type="AssertionFailure" message="expected { Object (id, _details, ...) } to have property 'code'">
        <![CDATA[Failed 1 times.]]>
        <![CDATA[Collection JSON ID: 37ffd795-ebd2-4eab-bab4-91808fa674cb.]]>
        <![CDATA[Collection name: CinemaAbyss API Tests.]]>
        <![CDATA[Request name: Monolith Service / Create Payment.]]>
        <![CDATA[Test description: Status code is 201.]]>
        <![CDATA[Error message: expected { Object (id, _details, ...) } to have property 'code'.]]>
        <![CDATA[Stacktrace: AssertionError: expected { Object (id, _details, ...) } to have property 'code'
   at Object.eval sandbox-script.js:1:8).]]>
      </failure>
    </testcase>
    <testcase name="Response has id" time="0.000" classname="CinemaAbyssApiTests">
      <failure type="AssertionFailure" message="&quot;undefined&quot; is not valid JSON">
        <![CDATA[Failed 1 times.]]>
        <![CDATA[Collection JSON ID: 37ffd795-ebd2-4eab-bab4-91808fa674cb.]]>
        <![CDATA[Collection name: CinemaAbyss API Tests.]]>
        <![CDATA[Request name: Monolith Service / Create Payment.]]>
        <![CDATA[Test description: Response has id.]]>
        <![CDATA[Error message: "undefined" is not valid JSON.]]>
        <![CDATA[Stacktrace: JSONError: "undefined" is not valid JSON
   at Object.eval sandbox-script.js:2:8).]]>
      </failure>
    </testcase>
  </testsuite>
  <testsuite name="Monolith Service / Get Payment by ID" id="6263acd2-c86d-4c8c-b188-1fe16158a276" timestamp="2026-07-24T09:50:03.335Z" tests="2" failures="2" errors="1" time="0.000">
    <system-err><![CDATA[Iteration: 0
RequestError: Error: connect ECONNREFUSED 127.0.0.1:8080
    at TCPConnectWrap.afterConnect [as oncomplete] (node:net:1611:16)

---
]]></system-err>
    <testcase name="Status code is 200" time="0.000" classname="CinemaAbyssApiTests">
      <failure type="AssertionFailure" message="expected { Object (id, _details, ...) } to have property 'code'">
        <![CDATA[Failed 1 times.]]>
        <![CDATA[Collection JSON ID: 37ffd795-ebd2-4eab-bab4-91808fa674cb.]]>
        <![CDATA[Collection name: CinemaAbyss API Tests.]]>
        <![CDATA[Request name: Monolith Service / Get Payment by ID.]]>
        <![CDATA[Test description: Status code is 200.]]>
        <![CDATA[Error message: expected { Object (id, _details, ...) } to have property 'code'.]]>
        <![CDATA[Stacktrace: AssertionError: expected { Object (id, _details, ...) } to have property 'code'
   at Object.eval sandbox-script.js:1:9).]]>
      </failure>
    </testcase>
    <testcase name="Payment ID matches" time="0.000" classname="CinemaAbyssApiTests">
      <failure type="AssertionFailure" message="&quot;undefined&quot; is not valid JSON">
        <![CDATA[Failed 1 times.]]>
        <![CDATA[Collection JSON ID: 37ffd795-ebd2-4eab-bab4-91808fa674cb.]]>
        <![CDATA[Collection name: CinemaAbyss API Tests.]]>
        <![CDATA[Request name: Monolith Service / Get Payment by ID.]]>
        <![CDATA[Test description: Payment ID matches.]]>
        <![CDATA[Error message: "undefined" is not valid JSON.]]>
        <![CDATA[Stacktrace: JSONError: "undefined" is not valid JSON
   at Object.eval sandbox-script.js:2:9).]]>
      </failure>
    </testcase>
  </testsuite>
  <testsuite name="Monolith Service / Create Subscription" id="d59114b3-f146-4d01-8152-fbda6f8717a1" timestamp="2026-07-24T09:50:03.335Z" tests="2" failures="2" errors="1" time="0.000">
    <system-err><![CDATA[Iteration: 0
RequestError: Error: connect ECONNREFUSED 127.0.0.1:8080
    at TCPConnectWrap.afterConnect [as oncomplete] (node:net:1611:16)

---
]]></system-err>
    <testcase name="Status code is 201" time="0.000" classname="CinemaAbyssApiTests">
      <failure type="AssertionFailure" message="expected { Object (id, _details, ...) } to have property 'code'">
        <![CDATA[Failed 1 times.]]>
        <![CDATA[Collection JSON ID: 37ffd795-ebd2-4eab-bab4-91808fa674cb.]]>
        <![CDATA[Collection name: CinemaAbyss API Tests.]]>
        <![CDATA[Request name: Monolith Service / Create Subscription.]]>
        <![CDATA[Test description: Status code is 201.]]>
        <![CDATA[Error message: expected { Object (id, _details, ...) } to have property 'code'.]]>
        <![CDATA[Stacktrace: AssertionError: expected { Object (id, _details, ...) } to have property 'code'
   at Object.eval sandbox-script.js:1:10).]]>
      </failure>
    </testcase>
    <testcase name="Response has id" time="0.000" classname="CinemaAbyssApiTests">
      <failure type="AssertionFailure" message="&quot;undefined&quot; is not valid JSON">
        <![CDATA[Failed 1 times.]]>
        <![CDATA[Collection JSON ID: 37ffd795-ebd2-4eab-bab4-91808fa674cb.]]>
        <![CDATA[Collection name: CinemaAbyss API Tests.]]>
        <![CDATA[Request name: Monolith Service / Create Subscription.]]>
        <![CDATA[Test description: Response has id.]]>
        <![CDATA[Error message: "undefined" is not valid JSON.]]>
        <![CDATA[Stacktrace: JSONError: "undefined" is not valid JSON
   at Object.eval sandbox-script.js:2:10).]]>
      </failure>
    </testcase>
  </testsuite>
  <testsuite name="Monolith Service / Get Subscription by ID" id="b079e178-774a-4767-8e62-3bfbc876b7e2" timestamp="2026-07-24T09:50:03.335Z" tests="2" failures="2" errors="1" time="0.000">
    <system-err><![CDATA[Iteration: 0
RequestError: Error: connect ECONNREFUSED 127.0.0.1:8080
    at TCPConnectWrap.afterConnect [as oncomplete] (node:net:1611:16)

---
]]></system-err>
    <testcase name="Status code is 200" time="0.000" classname="CinemaAbyssApiTests">
      <failure type="AssertionFailure" message="expected { Object (id, _details, ...) } to have property 'code'">
        <![CDATA[Failed 1 times.]]>
        <![CDATA[Collection JSON ID: 37ffd795-ebd2-4eab-bab4-91808fa674cb.]]>
        <![CDATA[Collection name: CinemaAbyss API Tests.]]>
        <![CDATA[Request name: Monolith Service / Get Subscription by ID.]]>
        <![CDATA[Test description: Status code is 200.]]>
        <![CDATA[Error message: expected { Object (id, _details, ...) } to have property 'code'.]]>
        <![CDATA[Stacktrace: AssertionError: expected { Object (id, _details, ...) } to have property 'code'
   at Object.eval sandbox-script.js:1:11).]]>
      </failure>
    </testcase>
    <testcase name="Subscription ID matches" time="0.000" classname="CinemaAbyssApiTests">
      <failure type="AssertionFailure" message="&quot;undefined&quot; is not valid JSON">
        <![CDATA[Failed 1 times.]]>
        <![CDATA[Collection JSON ID: 37ffd795-ebd2-4eab-bab4-91808fa674cb.]]>
        <![CDATA[Collection name: CinemaAbyss API Tests.]]>
        <![CDATA[Request name: Monolith Service / Get Subscription by ID.]]>
        <![CDATA[Test description: Subscription ID matches.]]>
        <![CDATA[Error message: "undefined" is not valid JSON.]]>
        <![CDATA[Stacktrace: JSONError: "undefined" is not valid JSON
   at Object.eval sandbox-script.js:2:11).]]>
      </failure>
    </testcase>
  </testsuite>
  <testsuite name="Movies Microservice / Health Check" id="492f4c0d-16d8-4a88-997b-0dd7c5f54e50" timestamp="2026-07-24T09:50:03.335Z" tests="2" failures="2" errors="1" time="0.000">
    <system-err><![CDATA[Iteration: 0
RequestError: Error: connect ECONNREFUSED 127.0.0.1:8081
    at TCPConnectWrap.afterConnect [as oncomplete] (node:net:1611:16)

---
]]></system-err>
    <testcase name="Status code is 200" time="0.000" classname="CinemaAbyssApiTests">
      <failure type="AssertionFailure" message="expected { Object (id, _details, ...) } to have property 'code'">
        <![CDATA[Failed 1 times.]]>
        <![CDATA[Collection JSON ID: 37ffd795-ebd2-4eab-bab4-91808fa674cb.]]>
        <![CDATA[Collection name: CinemaAbyss API Tests.]]>
        <![CDATA[Request name: Movies Microservice / Health Check.]]>
        <![CDATA[Test description: Status code is 200.]]>
        <![CDATA[Error message: expected { Object (id, _details, ...) } to have property 'code'.]]>
        <![CDATA[Stacktrace: AssertionError: expected { Object (id, _details, ...) } to have property 'code'
   at Object.eval sandbox-script.js:1:12).]]>
      </failure>
    </testcase>
    <testcase name="Status is true" time="0.000" classname="CinemaAbyssApiTests">
      <failure type="AssertionFailure" message="&quot;undefined&quot; is not valid JSON">
        <![CDATA[Failed 1 times.]]>
        <![CDATA[Collection JSON ID: 37ffd795-ebd2-4eab-bab4-91808fa674cb.]]>
        <![CDATA[Collection name: CinemaAbyss API Tests.]]>
        <![CDATA[Request name: Movies Microservice / Health Check.]]>
        <![CDATA[Test description: Status is true.]]>
        <![CDATA[Error message: "undefined" is not valid JSON.]]>
        <![CDATA[Stacktrace: JSONError: "undefined" is not valid JSON
   at Object.eval sandbox-script.js:2:12).]]>
      </failure>
    </testcase>
  </testsuite>
  <testsuite name="Movies Microservice / Get All Movies" id="d52bb5ff-5a48-4867-99f1-bc57bf974ca6" timestamp="2026-07-24T09:50:03.335Z" tests="2" failures="2" errors="1" time="0.000">
    <system-err><![CDATA[Iteration: 0
RequestError: Error: connect ECONNREFUSED 127.0.0.1:8081
    at TCPConnectWrap.afterConnect [as oncomplete] (node:net:1611:16)

---
]]></system-err>
    <testcase name="Status code is 200" time="0.000" classname="CinemaAbyssApiTests">
      <failure type="AssertionFailure" message="expected { Object (id, _details, ...) } to have property 'code'">
        <![CDATA[Failed 1 times.]]>
        <![CDATA[Collection JSON ID: 37ffd795-ebd2-4eab-bab4-91808fa674cb.]]>
        <![CDATA[Collection name: CinemaAbyss API Tests.]]>
        <![CDATA[Request name: Movies Microservice / Get All Movies.]]>
        <![CDATA[Test description: Status code is 200.]]>
        <![CDATA[Error message: expected { Object (id, _details, ...) } to have property 'code'.]]>
        <![CDATA[Stacktrace: AssertionError: expected { Object (id, _details, ...) } to have property 'code'
   at Object.eval sandbox-script.js:1:13).]]>
      </failure>
    </testcase>
    <testcase name="Response is an array" time="0.000" classname="CinemaAbyssApiTests">
      <failure type="AssertionFailure" message="&quot;undefined&quot; is not valid JSON">
        <![CDATA[Failed 1 times.]]>
        <![CDATA[Collection JSON ID: 37ffd795-ebd2-4eab-bab4-91808fa674cb.]]>
        <![CDATA[Collection name: CinemaAbyss API Tests.]]>
        <![CDATA[Request name: Movies Microservice / Get All Movies.]]>
        <![CDATA[Test description: Response is an array.]]>
        <![CDATA[Error message: "undefined" is not valid JSON.]]>
        <![CDATA[Stacktrace: JSONError: "undefined" is not valid JSON
   at Object.eval sandbox-script.js:2:13).]]>
      </failure>
    </testcase>
  </testsuite>
  <testsuite name="Movies Microservice / Create Movie" id="09f54425-d761-4550-9aad-989c939f9313" timestamp="2026-07-24T09:50:03.335Z" tests="2" failures="2" errors="1" time="0.000">
    <system-err><![CDATA[Iteration: 0
RequestError: Error: connect ECONNREFUSED 127.0.0.1:8081
    at TCPConnectWrap.afterConnect [as oncomplete] (node:net:1611:16)

---
]]></system-err>
    <testcase name="Status code is 201" time="0.000" classname="CinemaAbyssApiTests">
      <failure type="AssertionFailure" message="expected { Object (id, _details, ...) } to have property 'code'">
        <![CDATA[Failed 1 times.]]>
        <![CDATA[Collection JSON ID: 37ffd795-ebd2-4eab-bab4-91808fa674cb.]]>
        <![CDATA[Collection name: CinemaAbyss API Tests.]]>
        <![CDATA[Request name: Movies Microservice / Create Movie.]]>
        <![CDATA[Test description: Status code is 201.]]>
        <![CDATA[Error message: expected { Object (id, _details, ...) } to have property 'code'.]]>
        <![CDATA[Stacktrace: AssertionError: expected { Object (id, _details, ...) } to have property 'code'
   at Object.eval sandbox-script.js:1:14).]]>
      </failure>
    </testcase>
    <testcase name="Response has id" time="0.000" classname="CinemaAbyssApiTests">
      <failure type="AssertionFailure" message="&quot;undefined&quot; is not valid JSON">
        <![CDATA[Failed 1 times.]]>
        <![CDATA[Collection JSON ID: 37ffd795-ebd2-4eab-bab4-91808fa674cb.]]>
        <![CDATA[Collection name: CinemaAbyss API Tests.]]>
        <![CDATA[Request name: Movies Microservice / Create Movie.]]>
        <![CDATA[Test description: Response has id.]]>
        <![CDATA[Error message: "undefined" is not valid JSON.]]>
        <![CDATA[Stacktrace: JSONError: "undefined" is not valid JSON
   at Object.eval sandbox-script.js:2:14).]]>
      </failure>
    </testcase>
  </testsuite>
  <testsuite name="Movies Microservice / Get Movie by ID" id="db06fdba-c237-4cff-aa76-e71da6fff334" timestamp="2026-07-24T09:50:03.335Z" tests="2" failures="2" errors="1" time="0.000">
    <system-err><![CDATA[Iteration: 0
RequestError: Error: connect ECONNREFUSED 127.0.0.1:8081
    at TCPConnectWrap.afterConnect [as oncomplete] (node:net:1611:16)

---
]]></system-err>
    <testcase name="Status code is 200" time="0.000" classname="CinemaAbyssApiTests">
      <failure type="AssertionFailure" message="expected { Object (id, _details, ...) } to have property 'code'">
        <![CDATA[Failed 1 times.]]>
        <![CDATA[Collection JSON ID: 37ffd795-ebd2-4eab-bab4-91808fa674cb.]]>
        <![CDATA[Collection name: CinemaAbyss API Tests.]]>
        <![CDATA[Request name: Movies Microservice / Get Movie by ID.]]>
        <![CDATA[Test description: Status code is 200.]]>
        <![CDATA[Error message: expected { Object (id, _details, ...) } to have property 'code'.]]>
        <![CDATA[Stacktrace: AssertionError: expected { Object (id, _details, ...) } to have property 'code'
   at Object.eval sandbox-script.js:1:15).]]>
      </failure>
    </testcase>
    <testcase name="Movie ID matches" time="0.000" classname="CinemaAbyssApiTests">
      <failure type="AssertionFailure" message="&quot;undefined&quot; is not valid JSON">
        <![CDATA[Failed 1 times.]]>
        <![CDATA[Collection JSON ID: 37ffd795-ebd2-4eab-bab4-91808fa674cb.]]>
        <![CDATA[Collection name: CinemaAbyss API Tests.]]>
        <![CDATA[Request name: Movies Microservice / Get Movie by ID.]]>
        <![CDATA[Test description: Movie ID matches.]]>
        <![CDATA[Error message: "undefined" is not valid JSON.]]>
        <![CDATA[Stacktrace: JSONError: "undefined" is not valid JSON
   at Object.eval sandbox-script.js:2:15).]]>
      </failure>
    </testcase>
  </testsuite>
  <testsuite name="Events Microservice / Health Check" id="7aef5481-51d3-4c9c-9a7f-3bf6568cace5" timestamp="2026-07-24T09:50:03.335Z" tests="2" failures="2" errors="1" time="0.000">
    <system-err><![CDATA[Iteration: 0
RequestError: Error: connect ECONNREFUSED 127.0.0.1:8082
    at TCPConnectWrap.afterConnect [as oncomplete] (node:net:1611:16)

---
]]></system-err>
    <testcase name="Status code is 200" time="0.000" classname="CinemaAbyssApiTests">
      <failure type="AssertionFailure" message="expected { Object (id, _details, ...) } to have property 'code'">
        <![CDATA[Failed 1 times.]]>
        <![CDATA[Collection JSON ID: 37ffd795-ebd2-4eab-bab4-91808fa674cb.]]>
        <![CDATA[Collection name: CinemaAbyss API Tests.]]>
        <![CDATA[Request name: Events Microservice / Health Check.]]>
        <![CDATA[Test description: Status code is 200.]]>
        <![CDATA[Error message: expected { Object (id, _details, ...) } to have property 'code'.]]>
        <![CDATA[Stacktrace: AssertionError: expected { Object (id, _details, ...) } to have property 'code'
   at Object.eval sandbox-script.js:1:16).]]>
      </failure>
    </testcase>
    <testcase name="Status is true" time="0.000" classname="CinemaAbyssApiTests">
      <failure type="AssertionFailure" message="&quot;undefined&quot; is not valid JSON">
        <![CDATA[Failed 1 times.]]>
        <![CDATA[Collection JSON ID: 37ffd795-ebd2-4eab-bab4-91808fa674cb.]]>
        <![CDATA[Collection name: CinemaAbyss API Tests.]]>
        <![CDATA[Request name: Events Microservice / Health Check.]]>
        <![CDATA[Test description: Status is true.]]>
        <![CDATA[Error message: "undefined" is not valid JSON.]]>
        <![CDATA[Stacktrace: JSONError: "undefined" is not valid JSON
   at Object.eval sandbox-script.js:2:16).]]>
      </failure>
    </testcase>
  </testsuite>
  <testsuite name="Events Microservice / Create Movie Event" id="24b2a63d-31d1-4bd5-83a9-78bbf4bf9b7b" timestamp="2026-07-24T09:50:03.335Z" tests="2" failures="2" errors="1" time="0.000">
    <system-err><![CDATA[Iteration: 0
RequestError: Error: connect ECONNREFUSED 127.0.0.1:8082
    at TCPConnectWrap.afterConnect [as oncomplete] (node:net:1611:16)

---
]]></system-err>
    <testcase name="Status code is 201" time="0.000" classname="CinemaAbyssApiTests">
      <failure type="AssertionFailure" message="expected { Object (id, _details, ...) } to have property 'code'">
        <![CDATA[Failed 1 times.]]>
        <![CDATA[Collection JSON ID: 37ffd795-ebd2-4eab-bab4-91808fa674cb.]]>
        <![CDATA[Collection name: CinemaAbyss API Tests.]]>
        <![CDATA[Request name: Events Microservice / Create Movie Event.]]>
        <![CDATA[Test description: Status code is 201.]]>
        <![CDATA[Error message: expected { Object (id, _details, ...) } to have property 'code'.]]>
        <![CDATA[Stacktrace: AssertionError: expected { Object (id, _details, ...) } to have property 'code'
   at Object.eval sandbox-script.js:1:17).]]>
      </failure>
    </testcase>
    <testcase name="Response has status success" time="0.000" classname="CinemaAbyssApiTests">
      <failure type="AssertionFailure" message="&quot;undefined&quot; is not valid JSON">
        <![CDATA[Failed 1 times.]]>
        <![CDATA[Collection JSON ID: 37ffd795-ebd2-4eab-bab4-91808fa674cb.]]>
        <![CDATA[Collection name: CinemaAbyss API Tests.]]>
        <![CDATA[Request name: Events Microservice / Create Movie Event.]]>
        <![CDATA[Test description: Response has status success.]]>
        <![CDATA[Error message: "undefined" is not valid JSON.]]>
        <![CDATA[Stacktrace: JSONError: "undefined" is not valid JSON
   at Object.eval sandbox-script.js:2:17).]]>
      </failure>
    </testcase>
  </testsuite>
  <testsuite name="Events Microservice / Create User Event" id="231fb5a4-cb0c-469c-8c1d-f5fd8a84e698" timestamp="2026-07-24T09:50:03.335Z" tests="2" failures="2" errors="1" time="0.000">
    <system-err><![CDATA[Iteration: 0
RequestError: Error: connect ECONNREFUSED 127.0.0.1:8082
    at TCPConnectWrap.afterConnect [as oncomplete] (node:net:1611:16)

---
]]></system-err>
    <testcase name="Status code is 201" time="0.000" classname="CinemaAbyssApiTests">
      <failure type="AssertionFailure" message="expected { Object (id, _details, ...) } to have property 'code'">
        <![CDATA[Failed 1 times.]]>
        <![CDATA[Collection JSON ID: 37ffd795-ebd2-4eab-bab4-91808fa674cb.]]>
        <![CDATA[Collection name: CinemaAbyss API Tests.]]>
        <![CDATA[Request name: Events Microservice / Create User Event.]]>
        <![CDATA[Test description: Status code is 201.]]>
        <![CDATA[Error message: expected { Object (id, _details, ...) } to have property 'code'.]]>
        <![CDATA[Stacktrace: AssertionError: expected { Object (id, _details, ...) } to have property 'code'
   at Object.eval sandbox-script.js:1:18).]]>
      </failure>
    </testcase>
    <testcase name="Response has status success" time="0.000" classname="CinemaAbyssApiTests">
      <failure type="AssertionFailure" message="&quot;undefined&quot; is not valid JSON">
        <![CDATA[Failed 1 times.]]>
        <![CDATA[Collection JSON ID: 37ffd795-ebd2-4eab-bab4-91808fa674cb.]]>
        <![CDATA[Collection name: CinemaAbyss API Tests.]]>
        <![CDATA[Request name: Events Microservice / Create User Event.]]>
        <![CDATA[Test description: Response has status success.]]>
        <![CDATA[Error message: "undefined" is not valid JSON.]]>
        <![CDATA[Stacktrace: JSONError: "undefined" is not valid JSON
   at Object.eval sandbox-script.js:2:18).]]>
      </failure>
    </testcase>
  </testsuite>
  <testsuite name="Events Microservice / Create Payment Event" id="4ac32eed-4dea-4099-a717-e273f119644e" timestamp="2026-07-24T09:50:03.335Z" tests="2" failures="2" errors="1" time="0.000">
    <system-err><![CDATA[Iteration: 0
RequestError: Error: connect ECONNREFUSED 127.0.0.1:8082
    at TCPConnectWrap.afterConnect [as oncomplete] (node:net:1611:16)

---
]]></system-err>
    <testcase name="Status code is 201" time="0.000" classname="CinemaAbyssApiTests">
      <failure type="AssertionFailure" message="expected { Object (id, _details, ...) } to have property 'code'">
        <![CDATA[Failed 1 times.]]>
        <![CDATA[Collection JSON ID: 37ffd795-ebd2-4eab-bab4-91808fa674cb.]]>
        <![CDATA[Collection name: CinemaAbyss API Tests.]]>
        <![CDATA[Request name: Events Microservice / Create Payment Event.]]>
        <![CDATA[Test description: Status code is 201.]]>
        <![CDATA[Error message: expected { Object (id, _details, ...) } to have property 'code'.]]>
        <![CDATA[Stacktrace: AssertionError: expected { Object (id, _details, ...) } to have property 'code'
   at Object.eval sandbox-script.js:1:19).]]>
      </failure>
    </testcase>
    <testcase name="Response has status success" time="0.000" classname="CinemaAbyssApiTests">
      <failure type="AssertionFailure" message="&quot;undefined&quot; is not valid JSON">
        <![CDATA[Failed 1 times.]]>
        <![CDATA[Collection JSON ID: 37ffd795-ebd2-4eab-bab4-91808fa674cb.]]>
        <![CDATA[Collection name: CinemaAbyss API Tests.]]>
        <![CDATA[Request name: Events Microservice / Create Payment Event.]]>
        <![CDATA[Test description: Response has status success.]]>
        <![CDATA[Error message: "undefined" is not valid JSON.]]>
        <![CDATA[Stacktrace: JSONError: "undefined" is not valid JSON
   at Object.eval sandbox-script.js:2:19).]]>
      </failure>
    </testcase>
  </testsuite>
  <testsuite name="Proxy Service / Health Check" id="ed3448a2-b5b6-4bae-91f6-59820765875a" timestamp="2026-07-24T09:50:03.335Z" tests="1" failures="0" errors="0" time="0.022">
    <testcase name="Status code is 200" time="0.022" classname="CinemaAbyssApiTests"/>
  </testsuite>
  <testsuite name="Proxy Service / Get All Movies via Proxy" id="c75c1448-6226-49f3-9305-9dfc4d7d040f" timestamp="2026-07-24T09:50:03.335Z" tests="2" failures="2" errors="0" time="0.014">
    <testcase name="Status code is 200" time="0.014" classname="CinemaAbyssApiTests">
      <failure type="AssertionFailure" message="expected response to have status code 200 but got 502">
        <![CDATA[Failed 1 times.]]>
        <![CDATA[Collection JSON ID: 37ffd795-ebd2-4eab-bab4-91808fa674cb.]]>
        <![CDATA[Collection name: CinemaAbyss API Tests.]]>
        <![CDATA[Request name: Proxy Service / Get All Movies via Proxy.]]>
        <![CDATA[Test description: Status code is 200.]]>
        <![CDATA[Error message: expected response to have status code 200 but got 502.]]>
        <![CDATA[Stacktrace: AssertionError: expected response to have status code 200 but got 502
   at Object.eval sandbox-script.js:1:21).]]>
      </failure>
    </testcase>
    <testcase name="Response is an array" time="0.014" classname="CinemaAbyssApiTests">
      <failure type="AssertionFailure" message="Unexpected token 'p' at 1:1&#xA;proxy error&#xA;^">
        <![CDATA[Failed 1 times.]]>
        <![CDATA[Collection JSON ID: 37ffd795-ebd2-4eab-bab4-91808fa674cb.]]>
        <![CDATA[Collection name: CinemaAbyss API Tests.]]>
        <![CDATA[Request name: Proxy Service / Get All Movies via Proxy.]]>
        <![CDATA[Test description: Response is an array.]]>
        <![CDATA[Error message: Unexpected token 'p' at 1:1
proxy error
^.]]>
        <![CDATA[Stacktrace: JSONError: Unexpected token 'p' at 1:1
proxy error
^
   at Object.eval sandbox-script.js:2:21).]]>
      </failure>
    </testcase>
  </testsuite>
  <testsuite name="Proxy Service / Get All Users via Proxy" id="3a3ee2c6-4c55-441a-8762-c4bf4a656a66" timestamp="2026-07-24T09:50:03.335Z" tests="2" failures="2" errors="0" time="0.014">
    <testcase name="Status code is 200" time="0.014" classname="CinemaAbyssApiTests">
      <failure type="AssertionFailure" message="expected response to have status code 200 but got 502">
        <![CDATA[Failed 1 times.]]>
        <![CDATA[Collection JSON ID: 37ffd795-ebd2-4eab-bab4-91808fa674cb.]]>
        <![CDATA[Collection name: CinemaAbyss API Tests.]]>
        <![CDATA[Request name: Proxy Service / Get All Users via Proxy.]]>
        <![CDATA[Test description: Status code is 200.]]>
        <![CDATA[Error message: expected response to have status code 200 but got 502.]]>
        <![CDATA[Stacktrace: AssertionError: expected response to have status code 200 but got 502
   at Object.eval sandbox-script.js:1:22).]]>
      </failure>
    </testcase>
    <testcase name="Response is an array" time="0.014" classname="CinemaAbyssApiTests">
      <failure type="AssertionFailure" message="Unexpected token 'p' at 1:1&#xA;proxy error&#xA;^">
        <![CDATA[Failed 1 times.]]>
        <![CDATA[Collection JSON ID: 37ffd795-ebd2-4eab-bab4-91808fa674cb.]]>
        <![CDATA[Collection name: CinemaAbyss API Tests.]]>
        <![CDATA[Request name: Proxy Service / Get All Users via Proxy.]]>
        <![CDATA[Test description: Response is an array.]]>
        <![CDATA[Error message: Unexpected token 'p' at 1:1
proxy error
^.]]>
        <![CDATA[Stacktrace: JSONError: Unexpected token 'p' at 1:1
proxy error
^
   at Object.eval sandbox-script.js:2:22).]]>
      </failure>
    </testcase>
  </testsuite>
</testsuites>