<?xml version="1.0" encoding="UTF-8"?>
<testsuites name="CinemaAbyss API Tests" tests="22" time="0.232">
  <testsuite name="Monolith Service / Health Check" id="4624ec7f-fcfd-4111-b712-85832124b68d" timestamp="2026-07-24T11:26:56.864Z" tests="1" failures="0" errors="0" time="0.018">
    <testcase name="Status code is 200" time="0.018" classname="CinemaAbyssApiTests"/>
  </testsuite>
  <testsuite name="Monolith Service / Get All Users" id="cd742dcc-e6b6-412d-bc05-be01cfe449cc" timestamp="2026-07-24T11:26:56.864Z" tests="2" failures="0" errors="0" time="0.008">
    <testcase name="Status code is 200" time="0.008" classname="CinemaAbyssApiTests"/>
    <testcase name="Response is an array" time="0.008" classname="CinemaAbyssApiTests"/>
  </testsuite>
  <testsuite name="Monolith Service / Create User" id="9d40f7c8-6531-45ff-8c03-9ae0b52e4cb2" timestamp="2026-07-24T11:26:56.864Z" tests="2" failures="0" errors="0" time="0.020">
    <testcase name="Status code is 201" time="0.020" classname="CinemaAbyssApiTests"/>
    <testcase name="Response has id" time="0.020" classname="CinemaAbyssApiTests"/>
  </testsuite>
  <testsuite name="Monolith Service / Get User by ID" id="f005fdbb-ce4b-44d5-92c1-8553e958876c" timestamp="2026-07-24T11:26:56.864Z" tests="2" failures="0" errors="0" time="0.003">
    <testcase name="Status code is 200" time="0.003" classname="CinemaAbyssApiTests"/>
    <testcase name="User ID matches" time="0.003" classname="CinemaAbyssApiTests"/>
  </testsuite>
  <testsuite name="Monolith Service / Get All Movies" id="f41da493-d9f2-40f3-bfce-1f22103d832c" timestamp="2026-07-24T11:26:56.864Z" tests="2" failures="0" errors="0" time="0.010">
    <testcase name="Status code is 200" time="0.010" classname="CinemaAbyssApiTests"/>
    <testcase name="Response is an array" time="0.010" classname="CinemaAbyssApiTests"/>
  </testsuite>
  <testsuite name="Monolith Service / Create Movie" id="4812c96d-c256-4a43-8f4c-a7c4deb2f614" timestamp="2026-07-24T11:26:56.864Z" tests="2" failures="0" errors="0" time="0.017">
    <testcase name="Status code is 201" time="0.017" classname="CinemaAbyssApiTests"/>
    <testcase name="Response has id" time="0.017" classname="CinemaAbyssApiTests"/>
  </testsuite>
  <testsuite name="Monolith Service / Get Movie by ID" id="815a627e-c0b0-458f-b810-33d8a1ee32ac" timestamp="2026-07-24T11:26:56.864Z" tests="2" failures="0" errors="0" time="0.006">
    <testcase name="Status code is 200" time="0.006" classname="CinemaAbyssApiTests"/>
    <testcase name="Movie ID matches" time="0.006" classname="CinemaAbyssApiTests"/>
  </testsuite>
  <testsuite name="Monolith Service / Create Payment" id="359091a3-1159-4f43-a07e-ce9d31dfc69f" timestamp="2026-07-24T11:26:56.864Z" tests="2" failures="0" errors="0" time="0.007">
    <testcase name="Status code is 201" time="0.007" classname="CinemaAbyssApiTests"/>
    <testcase name="Response has id" time="0.007" classname="CinemaAbyssApiTests"/>
  </testsuite>
  <testsuite name="Monolith Service / Get Payment by ID" id="8020eb05-2b3b-411f-9a97-5d78472f19d3" timestamp="2026-07-24T11:26:56.864Z" tests="2" failures="0" errors="0" time="0.006">
    <testcase name="Status code is 200" time="0.006" classname="CinemaAbyssApiTests"/>
    <testcase name="Payment ID matches" time="0.006" classname="CinemaAbyssApiTests"/>
  </testsuite>
  <testsuite name="Monolith Service / Create Subscription" id="71293b28-7a62-4cbf-ace4-738ebbd4f82f" timestamp="2026-07-24T11:26:56.864Z" tests="2" failures="0" errors="0" time="0.008">
    <testcase name="Status code is 201" time="0.008" classname="CinemaAbyssApiTests"/>
    <testcase name="Response has id" time="0.008" classname="CinemaAbyssApiTests"/>
  </testsuite>
  <testsuite name="Monolith Service / Get Subscription by ID" id="d6c697c0-7601-47cc-9e77-cc612768e4c1" timestamp="2026-07-24T11:26:56.864Z" tests="2" failures="0" errors="0" time="0.004">
    <testcase name="Status code is 200" time="0.004" classname="CinemaAbyssApiTests"/>
    <testcase name="Subscription ID matches" time="0.004" classname="CinemaAbyssApiTests"/>
  </testsuite>
  <testsuite name="Movies Microservice / Health Check" id="b862a089-76e5-41ef-9af1-fa41df9ce034" timestamp="2026-07-24T11:26:56.864Z" tests="2" failures="0" errors="0" time="0.009">
    <testcase name="Status code is 200" time="0.009" classname="CinemaAbyssApiTests"/>
    <testcase name="Status is true" time="0.009" classname="CinemaAbyssApiTests"/>
  </testsuite>
  <testsuite name="Movies Microservice / Get All Movies" id="ea874a6a-f380-45d4-8bf6-1d8c16463a72" timestamp="2026-07-24T11:26:56.864Z" tests="2" failures="0" errors="0" time="0.012">
    <testcase name="Status code is 200" time="0.012" classname="CinemaAbyssApiTests"/>
    <testcase name="Response is an array" time="0.012" classname="CinemaAbyssApiTests"/>
  </testsuite>
  <testsuite name="Movies Microservice / Create Movie" id="3023bfd1-4563-4f90-85ef-fa31fb01f5b6" timestamp="2026-07-24T11:26:56.864Z" tests="2" failures="0" errors="0" time="0.008">
    <testcase name="Status code is 201" time="0.008" classname="CinemaAbyssApiTests"/>
    <testcase name="Response has id" time="0.008" classname="CinemaAbyssApiTests"/>
  </testsuite>
  <testsuite name="Movies Microservice / Get Movie by ID" id="84d23de1-26c6-4d7d-976d-9d9333742f60" timestamp="2026-07-24T11:26:56.864Z" tests="2" failures="0" errors="0" time="0.004">
    <testcase name="Status code is 200" time="0.004" classname="CinemaAbyssApiTests"/>
    <testcase name="Movie ID matches" time="0.004" classname="CinemaAbyssApiTests"/>
  </testsuite>
  <testsuite name="Events Microservice / Health Check" id="afb46db7-2a82-4063-98dc-aeb3d3ab1073" timestamp="2026-07-24T11:26:56.864Z" tests="2" failures="0" errors="0" time="0.014">
    <testcase name="Status code is 200" time="0.014" classname="CinemaAbyssApiTests"/>
    <testcase name="Status is true" time="0.014" classname="CinemaAbyssApiTests"/>
  </testsuite>
  <testsuite name="Events Microservice / Create Movie Event" id="e3a42419-a310-42d4-9109-8b4fbbcaccf1" timestamp="2026-07-24T11:26:56.864Z" tests="2" failures="0" errors="0" time="0.025">
    <testcase name="Status code is 201" time="0.025" classname="CinemaAbyssApiTests"/>
    <testcase name="Response has status success" time="0.025" classname="CinemaAbyssApiTests"/>
  </testsuite>
  <testsuite name="Events Microservice / Create User Event" id="d4aef3fa-f118-4862-af4b-e60e1ad7edd1" timestamp="2026-07-24T11:26:56.864Z" tests="2" failures="0" errors="0" time="0.005">
    <testcase name="Status code is 201" time="0.005" classname="CinemaAbyssApiTests"/>
    <testcase name="Response has status success" time="0.005" classname="CinemaAbyssApiTests"/>
  </testsuite>
  <testsuite name="Events Microservice / Create Payment Event" id="858d55b1-718a-430c-b331-55ac132ceab7" timestamp="2026-07-24T11:26:56.864Z" tests="2" failures="0" errors="0" time="0.008">
    <testcase name="Status code is 201" time="0.008" classname="CinemaAbyssApiTests"/>
    <testcase name="Response has status success" time="0.008" classname="CinemaAbyssApiTests"/>
  </testsuite>
  <testsuite name="Proxy Service / Health Check" id="638d9070-59f9-4ad1-bbd6-71ce1f8b6e56" timestamp="2026-07-24T11:26:56.864Z" tests="1" failures="0" errors="0" time="0.011">
    <testcase name="Status code is 200" time="0.011" classname="CinemaAbyssApiTests"/>
  </testsuite>
  <testsuite name="Proxy Service / Get All Movies via Proxy" id="8b61bfbd-ad89-4597-999b-7b8fb9508737" timestamp="2026-07-24T11:26:56.864Z" tests="2" failures="0" errors="0" time="0.018">
    <testcase name="Status code is 200" time="0.018" classname="CinemaAbyssApiTests"/>
    <testcase name="Response is an array" time="0.018" classname="CinemaAbyssApiTests"/>
  </testsuite>
  <testsuite name="Proxy Service / Get All Users via Proxy" id="20778444-1623-47c4-a586-1453c96035ca" timestamp="2026-07-24T11:26:56.864Z" tests="2" failures="0" errors="0" time="0.011">
    <testcase name="Status code is 200" time="0.011" classname="CinemaAbyssApiTests"/>
    <testcase name="Response is an array" time="0.011" classname="CinemaAbyssApiTests"/>
  </testsuite>
</testsuites>